
TINY Analyse Sucessed!

>>> A error at line 10: unexpected token -> -=
      
>>> A error at line 10: unexpected token -> -=

>>> A error at line 10: unexpected token -> NUM, val= 1
      
>>> A error at line 10: unexpected token -> NUM, val= 1

TINY syntax tree:
  Read: x
  If
    Op: -
      Const: 0
      Id: x
    Assign to: fact
      Const: 1
    Repeat
      Assign to: fact
        Op: ^
          Id: fact
          Id: x
      Assign to: x
      Op: <>
        Id: x
        Const: 0
    Write
      Id: fact
