c:\users\asus\source\repos\tiny\x64\debug\tiny.pch
c:\users\asus\source\repos\tiny\x64\debug\vc143.pdb
c:\users\asus\source\repos\tiny\x64\debug\vc143.idb
c:\users\asus\source\repos\tiny\x64\debug\pch.obj
c:\users\asus\source\repos\tiny\x64\debug\tinydlg.obj
c:\users\asus\source\repos\tiny\x64\debug\tiny.obj
c:\users\asus\source\repos\tiny\x64\debug\util.obj
c:\users\asus\source\repos\tiny\x64\debug\analyse.obj
c:\users\asus\source\repos\tiny\x64\debug\tiny.res
c:\users\asus\source\repos\tiny\x64\debug\tiny.pdb
c:\users\asus\source\repos\tiny\x64\debug\tiny.tlog\cl.command.1.tlog
c:\users\asus\source\repos\tiny\x64\debug\tiny.tlog\cl.read.1.tlog
c:\users\asus\source\repos\tiny\x64\debug\tiny.tlog\cl.write.1.tlog
c:\users\asus\source\repos\tiny\x64\debug\tiny.tlog\link-cvtres.read.1.tlog
c:\users\asus\source\repos\tiny\x64\debug\tiny.tlog\link-cvtres.write.1.tlog
c:\users\asus\source\repos\tiny\x64\debug\tiny.tlog\link-mt.read.1.tlog
c:\users\asus\source\repos\tiny\x64\debug\tiny.tlog\link-mt.write.1.tlog
c:\users\asus\source\repos\tiny\x64\debug\tiny.tlog\link-rc.read.1.tlog
c:\users\asus\source\repos\tiny\x64\debug\tiny.tlog\link-rc.write.1.tlog
c:\users\asus\source\repos\tiny\x64\debug\tiny.tlog\link.command.1.tlog
c:\users\asus\source\repos\tiny\x64\debug\tiny.tlog\link.read.1.tlog
c:\users\asus\source\repos\tiny\x64\debug\tiny.tlog\link.read.3.tlog
c:\users\asus\source\repos\tiny\x64\debug\tiny.tlog\link.write.1.tlog
c:\users\asus\source\repos\tiny\x64\debug\tiny.tlog\rc.command.1.tlog
c:\users\asus\source\repos\tiny\x64\debug\tiny.tlog\rc.read.1.tlog
c:\users\asus\source\repos\tiny\x64\debug\tiny.tlog\rc.write.1.tlog
